[2018-04-05 11:55:30,167][MainThread:3504][task_id:user][user.py:24][INFO][lqz 登录了]
[2018-04-05 11:58:00,501][MainThread:228][task_id:user][user.py:24][INFO][lqz2 登录了]
[2018-04-05 12:00:22,438][MainThread:6216][task_id:user][user.py:24][INFO][lqz 登录了]
[2018-04-05 12:00:41,544][MainThread:6216][task_id:Bnak][bank.py:23][INFO][lqz 向 lqz4 转账 100]
[2018-04-05 12:01:15,278][MainThread:6120][task_id:user][user.py:24][INFO][lqz 登录了]
[2018-04-05 12:02:38,928][MainThread:5864][task_id:user][user.py:24][INFO][lqz 登录了]
[2018-04-05 12:06:41,170][MainThread:5452][task_id:user][user.py:24][INFO][lqz 登录了]
[2018-04-05 12:07:19,952][MainThread:5452][task_id:Bnak][bank.py:23][INFO][lqz 向 lqz2 转账 100]
[2018-04-05 12:07:54,959][MainThread:7048][task_id:user][user.py:24][INFO][lqz 登录了]
[2018-04-05 12:08:05,907][MainThread:7048][task_id:Bnak][bank.py:23][INFO][lqz 向 lqz2 转账 100]
[2018-04-05 12:20:14,834][MainThread:2916][task_id:user][user.py:51][INFO][lqz 注册了]
[2018-04-05 12:20:39,034][MainThread:2916][task_id:user][user.py:24][INFO][lqz 登录了]
[2018-04-05 12:21:17,173][MainThread:2916][task_id:Bnak][bank.py:24][INFO][lqz 向 lqz 转账 100]
[user][2018-04-05 12:43:23,506][MainThread:1340][user.py:24][INFO][lqz 登录了]
[2018-04-05 13:46:32,353][MainThread:7684][task_id:user][user.py:26][INFO][lqz 登录了]
[2018-04-05 13:46:58,966][MainThread:7380][task_id:user][user.py:53][INFO][lqz 注册了]
[2018-04-05 13:47:08,677][MainThread:7380][task_id:user][user.py:26][INFO][lqz 登录了]
[2018-04-05 13:50:44,642][MainThread:8168][task_id:user][user.py:26][INFO][lqz 登录了]
[2018-04-05 13:51:02,664][MainThread:7952][task_id:user][user.py:26][INFO][lqz 登录了]
[2018-04-05 13:53:37,307][MainThread:7488][task_id:user][user.py:26][INFO][lqz 登录了]
[2018-04-05 13:54:52,802][MainThread:7708][task_id:user][user.py:26][INFO][lqz 登录了]
[2018-04-05 13:55:29,132][MainThread:7588][task_id:user][user.py:26][INFO][lqz 登录了]
[2018-04-05 13:56:10,956][MainThread:6180][task_id:user][user.py:26][INFO][lqz 登录了]
[2018-04-05 13:57:22,351][MainThread:2148][task_id:user][user.py:26][INFO][lqz 登录了]
[2018-04-05 13:57:28,551][MainThread:2148][task_id:Shopoing][shop.py:46][INFO][lqz 购买了 {'coffe': {'price': 30, 'count': 4}}]
[2018-04-05 13:58:13,708][MainThread:7720][task_id:user][user.py:26][INFO][lqz 登录了]
[2018-04-05 13:58:16,086][MainThread:7720][task_id:Shopoing][shop.py:61][INFO][lqz 查看了购物车]
[2018-04-05 13:58:52,554][MainThread:7720][task_id:Shopoing][shop.py:46][INFO][lqz 购买了 {'coffe': {'price': 30, 'count': 4}, 'chicken': {'price': 20, 'count': 1}}]
[2018-04-05 13:58:57,271][MainThread:7720][task_id:Shopoing][shop.py:61][INFO][lqz 查看了购物车]
[2018-04-05 14:15:03,133][MainThread:6668][task_id:user][user.py:53][INFO][lqz 注册了]
[2018-04-05 14:15:15,702][MainThread:6668][task_id:user][user.py:26][INFO][lqz 登录了]
[2018-04-05 14:15:18,625][MainThread:6668][task_id:Bnak][bank.py:85][INFO][lqz 查看了余额]
[2018-04-05 14:16:36,721][MainThread:7612][task_id:user][user.py:26][INFO][lqz 登录了]
[2018-04-05 14:16:38,730][MainThread:7612][task_id:Bnak][bank.py:88][INFO][lqz 查看了余额]
[2018-04-05 14:16:44,983][MainThread:7612][task_id:Bnak][bank.py:94][INFO][lqz 查看了银行流水]
[2018-04-05 14:16:55,167][MainThread:7612][task_id:Bnak][bank.py:73][INFO][lqz 取款 100 元]
[2018-04-05 14:17:01,468][MainThread:7612][task_id:Bnak][bank.py:88][INFO][lqz 查看了余额]
[2018-04-05 14:17:05,648][MainThread:7612][task_id:Bnak][bank.py:94][INFO][lqz 查看了银行流水]
[2018-04-05 14:18:08,732][MainThread:7504][task_id:user][user.py:26][INFO][lqz 登录了]
[2018-04-05 14:18:11,412][MainThread:7504][task_id:Bnak][bank.py:94][INFO][lqz 查看了银行流水]
[2018-04-05 14:21:07,215][MainThread:6964][task_id:user][user.py:53][INFO][lqz 注册了]
[2018-04-05 14:21:11,622][MainThread:6964][task_id:user][user.py:26][INFO][lqz 登录了]
[2018-04-05 14:21:17,325][MainThread:6964][task_id:Bnak][bank.py:73][INFO][lqz 取款 100 元]
[2018-04-05 14:21:21,757][MainThread:6964][task_id:Bnak][bank.py:94][INFO][lqz 查看了银行流水]
[2018-04-05 14:23:02,495][MainThread:5784][task_id:user][user.py:26][INFO][lqz 登录了]
[2018-04-05 14:23:08,094][MainThread:5784][task_id:Bnak][bank.py:52][INFO][lqz 还款 1 元]
[2018-04-05 14:23:10,722][MainThread:5784][task_id:Bnak][bank.py:96][INFO][lqz 查看了银行流水]
[2018-04-05 14:25:04,495][MainThread:5092][task_id:user][user.py:26][INFO][lqz 登录了]
[2018-04-05 14:26:29,085][MainThread:6588][task_id:user][user.py:26][INFO][lqz 登录了]
[2018-04-05 14:26:43,909][MainThread:6588][task_id:Bnak][bank.py:55][INFO][lqz 还款 1 元]
[2018-04-05 14:26:51,795][MainThread:6588][task_id:Bnak][bank.py:99][INFO][lqz 查看了银行流水]
[2018-04-05 14:27:01,982][MainThread:6588][task_id:Shopoing][shop.py:61][INFO][lqz 查看了购物车]
